26-Jul-2017 23:00:15.825 INFO [main] org.apache.catalina.core.AprLifecycleListener.lifecycleEvent The APR based Apache Tomcat Native library which allows optimal performance in production environments was not found on the java.library.path: /Users/weikeunglam/Library/Java/Extensions:/Library/Java/Extensions:/Network/Library/Java/Extensions:/System/Library/Java/Extensions:/usr/lib/java:.
26-Jul-2017 23:00:17.728 INFO [main] org.apache.coyote.AbstractProtocol.init Initializing ProtocolHandler ["http-nio-8080"]
26-Jul-2017 23:00:18.032 INFO [main] org.apache.tomcat.util.net.NioSelectorPool.getSharedSelector Using a shared selector for servlet write/read
26-Jul-2017 23:00:18.063 INFO [main] org.apache.coyote.AbstractProtocol.init Initializing ProtocolHandler ["ajp-nio-8009"]
26-Jul-2017 23:00:18.082 INFO [main] org.apache.tomcat.util.net.NioSelectorPool.getSharedSelector Using a shared selector for servlet write/read
26-Jul-2017 23:00:18.094 INFO [main] org.apache.catalina.startup.Catalina.load Initialization processed in 9598 ms
26-Jul-2017 23:00:18.445 INFO [main] org.apache.catalina.core.StandardService.startInternal Starting service Catalina
26-Jul-2017 23:00:18.446 INFO [main] org.apache.catalina.core.StandardEngine.startInternal Starting Servlet Engine: Apache Tomcat/8.0.36
26-Jul-2017 23:00:18.664 INFO [localhost-startStop-1] org.apache.catalina.startup.HostConfig.deployWAR Deploying web application archive /Users/weikeunglam/Documents/workspace-sts/hip/target/tomcat8x/webapps/cargocpc.war
26-Jul-2017 23:00:25.508 INFO [localhost-startStop-1] org.apache.catalina.util.SessionIdGeneratorBase.createSecureRandom Creation of SecureRandom instance for session ID generation using [SHA1PRNG] took [206] milliseconds.
26-Jul-2017 23:00:25.694 INFO [localhost-startStop-1] org.apache.catalina.startup.HostConfig.deployWAR Deployment of web application archive /Users/weikeunglam/Documents/workspace-sts/hip/target/tomcat8x/webapps/cargocpc.war has finished in 7,031 ms
26-Jul-2017 23:00:25.707 INFO [localhost-startStop-1] org.apache.catalina.startup.HostConfig.deployWAR Deploying web application archive /Users/weikeunglam/Documents/workspace-sts/hip/target/tomcat8x/webapps/cms.war
26-Jul-2017 23:05:50.128 INFO [localhost-startStop-1] org.apache.catalina.startup.HostConfig.deployWAR Deployment of web application archive /Users/weikeunglam/Documents/workspace-sts/hip/target/tomcat8x/webapps/cms.war has finished in 324,420 ms
26-Jul-2017 23:05:50.129 INFO [localhost-startStop-1] org.apache.catalina.startup.HostConfig.deployWAR Deploying web application archive /Users/weikeunglam/Documents/workspace-sts/hip/target/tomcat8x/webapps/essentials.war
26-Jul-2017 23:08:05.836 INFO [localhost-startStop-1] org.apache.catalina.startup.HostConfig.deployWAR Deployment of web application archive /Users/weikeunglam/Documents/workspace-sts/hip/target/tomcat8x/webapps/essentials.war has finished in 135,706 ms
26-Jul-2017 23:08:05.855 INFO [localhost-startStop-1] org.apache.catalina.startup.HostConfig.deployWAR Deploying web application archive /Users/weikeunglam/Documents/workspace-sts/hip/target/tomcat8x/webapps/site.war
26-Jul-2017 23:08:05.906 INFO [localhost-startStop-1] org.apache.catalina.realm.JAASRealm.setUseContextClassLoader Setting useContextClassLoader = true
26-Jul-2017 23:09:21.362 INFO [localhost-startStop-1] org.apache.catalina.startup.HostConfig.deployWAR Deployment of web application archive /Users/weikeunglam/Documents/workspace-sts/hip/target/tomcat8x/webapps/site.war has finished in 75,507 ms
26-Jul-2017 23:09:21.365 INFO [localhost-startStop-1] org.apache.catalina.startup.HostConfig.deployDirectory Deploying web application directory /Users/weikeunglam/Documents/workspace-sts/hip/target/tomcat8x/webapps/host-manager
26-Jul-2017 23:09:21.717 INFO [localhost-startStop-1] org.apache.catalina.startup.HostConfig.deployDirectory Deployment of web application directory /Users/weikeunglam/Documents/workspace-sts/hip/target/tomcat8x/webapps/host-manager has finished in 352 ms
26-Jul-2017 23:09:21.717 INFO [localhost-startStop-1] org.apache.catalina.startup.HostConfig.deployDirectory Deploying web application directory /Users/weikeunglam/Documents/workspace-sts/hip/target/tomcat8x/webapps/manager
26-Jul-2017 23:09:22.048 INFO [localhost-startStop-1] org.apache.catalina.startup.HostConfig.deployDirectory Deployment of web application directory /Users/weikeunglam/Documents/workspace-sts/hip/target/tomcat8x/webapps/manager has finished in 330 ms
26-Jul-2017 23:09:22.099 INFO [main] org.apache.coyote.AbstractProtocol.start Starting ProtocolHandler ["http-nio-8080"]
26-Jul-2017 23:09:22.181 INFO [main] org.apache.coyote.AbstractProtocol.start Starting ProtocolHandler ["ajp-nio-8009"]
26-Jul-2017 23:09:22.197 INFO [main] org.apache.catalina.startup.Catalina.start Server startup in 544128 ms
26-Jul-2017 23:09:48.728 INFO [Thread-38] org.apache.coyote.AbstractProtocol.pause Pausing ProtocolHandler ["http-nio-8080"]
26-Jul-2017 23:09:48.845 INFO [Thread-38] org.apache.coyote.AbstractProtocol.pause Pausing ProtocolHandler ["ajp-nio-8009"]
26-Jul-2017 23:09:48.909 INFO [Thread-38] org.apache.catalina.core.StandardService.stopInternal Stopping service Catalina
26-Jul-2017 23:09:51.451 WARNING [localhost-startStop-2] org.apache.catalina.loader.WebappClassLoaderBase.clearReferencesJdbc The web application [cms] registered the JDBC driver [org.h2.Driver] but failed to unregister it when the web application was stopped. To prevent a memory leak, the JDBC Driver has been forcibly unregistered.
26-Jul-2017 23:09:51.466 WARNING [localhost-startStop-2] org.apache.catalina.loader.WebappClassLoaderBase.clearReferencesThreads The web application [cms] appears to have started a thread named [Wicket-PageSavingThread] but has failed to stop it. This is very likely to create a memory leak. Stack trace of thread:
 sun.misc.Unsafe.park(Native Method)
 java.util.concurrent.locks.LockSupport.parkNanos(LockSupport.java:215)
 java.util.concurrent.locks.AbstractQueuedSynchronizer$ConditionObject.awaitNanos(AbstractQueuedSynchronizer.java:2078)
 java.util.concurrent.LinkedBlockingQueue.poll(LinkedBlockingQueue.java:467)
 org.apache.wicket.pageStore.AsynchronousDataStore$PageSavingRunnable.run(AsynchronousDataStore.java:345)
 java.lang.Thread.run(Thread.java:748)
26-Jul-2017 23:09:51.468 WARNING [localhost-startStop-2] org.apache.catalina.loader.WebappClassLoaderBase.clearReferencesThreads The web application [cms] appears to have started a thread named [Wicket-PageSavingThread] but has failed to stop it. This is very likely to create a memory leak. Stack trace of thread:
 sun.misc.Unsafe.park(Native Method)
 java.util.concurrent.locks.LockSupport.parkNanos(LockSupport.java:215)
 java.util.concurrent.locks.AbstractQueuedSynchronizer$ConditionObject.awaitNanos(AbstractQueuedSynchronizer.java:2078)
 java.util.concurrent.LinkedBlockingQueue.poll(LinkedBlockingQueue.java:467)
 org.apache.wicket.pageStore.AsynchronousDataStore$PageSavingRunnable.run(AsynchronousDataStore.java:345)
 java.lang.Thread.run(Thread.java:748)
26-Jul-2017 23:09:51.788 INFO [Thread-38] org.apache.coyote.AbstractProtocol.stop Stopping ProtocolHandler ["http-nio-8080"]
26-Jul-2017 23:09:51.898 INFO [Thread-38] org.apache.coyote.AbstractProtocol.stop Stopping ProtocolHandler ["ajp-nio-8009"]
26-Jul-2017 23:09:52.014 INFO [Thread-38] org.apache.coyote.AbstractProtocol.destroy Destroying ProtocolHandler ["http-nio-8080"]
26-Jul-2017 23:09:52.018 INFO [Thread-38] org.apache.coyote.AbstractProtocol.destroy Destroying ProtocolHandler ["ajp-nio-8009"]
